{
  "stats": {
    "suites": 1,
    "tests": 2,
    "passes": 0,
    "pending": 0,
    "failures": 2,
    "start": "2022-05-24T12:02:01.998Z",
    "end": "2022-05-24T12:02:03.117Z",
    "duration": 1119,
    "testsRegistered": 2,
    "passPercent": 0,
    "pendingPercent": 0,
    "other": 0,
    "hasOther": false,
    "skipped": 0,
    "hasSkipped": false
  },
  "results": [
    {
      "uuid": "7d30c446-5eff-43b2-a8fe-42010f53f98a",
      "title": "",
      "fullFile": "cypress/integration/room.feature",
      "file": "cypress/integration/room.feature",
      "beforeHooks": [],
      "afterHooks": [],
      "tests": [],
      "suites": [
        {
          "uuid": "6a01a433-a93d-44df-885a-b7e4d412592c",
          "title": "Rooms",
          "fullFile": "",
          "file": "",
          "beforeHooks": [],
          "afterHooks": [],
          "tests": [
            {
              "title": "Rooms info (example #1)",
              "fullTitle": "Rooms Rooms info (example #1)",
              "timedOut": null,
              "duration": 491,
              "state": "failed",
              "speed": null,
              "pass": false,
              "fail": true,
              "pending": false,
              "context": null,
              "code": "const state = window.testState;\nreturn cy\n  .then(() => state.onStartScenario(scenario, indexedSteps))\n  .then(() =>\n    resolveAndRunBeforeHooks.call(this, scenario.tags, state.feature.name)\n  )\n  .then(() =>\n    indexedSteps.forEach((step) =>\n      stepTest.call(this, state, step, rowData)\n    )\n  )\n  .then(() => state.onFinishScenario(scenario));",
              "err": {
                "message": "Error: Step implementation missing for: user logs in using \"sbirdbj@fc2.com\" \"asenorval\"",
                "estack": "Error: Step implementation missing for: user logs in using \"sbirdbj@fc2.com\" \"asenorval\"\n    at Context.resolveAndRunStepDefinition (http://localhost:62262/__cypress/tests?p=cypress\\integration\\room.feature:10439:11)\n    at Context.eval (http://localhost:62262/__cypress/tests?p=cypress\\integration\\room.feature:9754:35)",
                "diff": null
              },
              "uuid": "bb32cdd0-dcb1-45af-9750-806035f60dd6",
              "parentUUID": "6a01a433-a93d-44df-885a-b7e4d412592c",
              "isHook": false,
              "skipped": false
            },
            {
              "title": "Rooms info (example #2)",
              "fullTitle": "Rooms Rooms info (example #2)",
              "timedOut": null,
              "duration": 517,
              "state": "failed",
              "speed": null,
              "pass": false,
              "fail": true,
              "pending": false,
              "context": null,
              "code": "const state = window.testState;\nreturn cy\n  .then(() => state.onStartScenario(scenario, indexedSteps))\n  .then(() =>\n    resolveAndRunBeforeHooks.call(this, scenario.tags, state.feature.name)\n  )\n  .then(() =>\n    indexedSteps.forEach((step) =>\n      stepTest.call(this, state, step, rowData)\n    )\n  )\n  .then(() => state.onFinishScenario(scenario));",
              "err": {
                "message": "Error: Step implementation missing for: user logs in using \"sbirdbj@fc2.com\" \"asenorval\"",
                "estack": "Error: Step implementation missing for: user logs in using \"sbirdbj@fc2.com\" \"asenorval\"\n    at Context.resolveAndRunStepDefinition (http://localhost:62262/__cypress/tests?p=cypress\\integration\\room.feature:10439:11)\n    at Context.eval (http://localhost:62262/__cypress/tests?p=cypress\\integration\\room.feature:9754:35)",
                "diff": null
              },
              "uuid": "c8dbb471-9037-41b6-a69e-9309dab2cc3a",
              "parentUUID": "6a01a433-a93d-44df-885a-b7e4d412592c",
              "isHook": false,
              "skipped": false
            }
          ],
          "suites": [],
          "passes": [],
          "failures": [
            "bb32cdd0-dcb1-45af-9750-806035f60dd6",
            "c8dbb471-9037-41b6-a69e-9309dab2cc3a"
          ],
          "pending": [],
          "skipped": [],
          "duration": 1008,
          "root": false,
          "rootEmpty": false,
          "_timeout": 2000
        }
      ],
      "passes": [],
      "failures": [],
      "pending": [],
      "skipped": [],
      "duration": 0,
      "root": true,
      "rootEmpty": true,
      "_timeout": 2000
    }
  ],
  "meta": {
    "mocha": {
      "version": "7.0.1"
    },
    "mochawesome": {
      "options": {
        "quiet": false,
        "reportFilename": "report",
        "saveHtml": true,
        "saveJson": true,
        "consoleReporter": "spec",
        "useInlineDiffs": false,
        "code": true
      },
      "version": "7.1.3"
    },
    "marge": {
      "options": {
        "reportDir": "cypress/reports",
        "reportFilename": "report",
        "overwrite": false,
        "html": true,
        "json": true,
        "charts": true
      },
      "version": "6.2.0"
    }
  }
}