{
  "stats": {
    "suites": 1,
    "tests": 2,
    "passes": 0,
    "pending": 1,
    "failures": 1,
    "start": "2022-05-28T21:18:47.043Z",
    "end": "2022-05-28T21:19:24.323Z",
    "duration": 37280,
    "testsRegistered": 2,
    "passPercent": 0,
    "pendingPercent": 50,
    "other": 0,
    "hasOther": false,
    "skipped": 1,
    "hasSkipped": true
  },
  "results": [
    {
      "uuid": "80d59b10-f870-49dd-852d-a52b5fcbf05a",
      "title": "",
      "fullFile": "cypress/integration/lib.feature",
      "file": "cypress/integration/lib.feature",
      "beforeHooks": [],
      "afterHooks": [],
      "tests": [],
      "suites": [
        {
          "uuid": "20bf6dbb-3290-454d-8080-684a14253ba2",
          "title": "End to end login test",
          "fullFile": "",
          "file": "",
          "beforeHooks": [],
          "afterHooks": [],
          "tests": [
            {
              "title": "",
              "fullTitle": "End to end login test ",
              "timedOut": null,
              "duration": 282,
              "state": "pending",
              "speed": null,
              "pass": false,
              "fail": false,
              "pending": false,
              "context": null,
              "code": "// register this scenario with the cucumber data collector\n// but don't run it\n// Tell mocha this is a skipped test so it also shows correctly in Cypress\nconst state = window.testState;\ncy.then(() => state.onStartScenario(scenario, indexedSteps))\n  .then(() => state.onFinishScenario(scenario))\n  // eslint-disable-next-line func-names\n  .then(function () {\n    return this.skip();\n  });",
              "err": {},
              "uuid": "b33d9c0d-8824-425c-aaa3-71fcb1067494",
              "parentUUID": "20bf6dbb-3290-454d-8080-684a14253ba2",
              "isHook": false,
              "skipped": true
            },
            {
              "title": "Checking dashboard datas",
              "fullTitle": "End to end login test Checking dashboard datas",
              "timedOut": null,
              "duration": 7553,
              "state": "failed",
              "speed": null,
              "pass": false,
              "fail": true,
              "pending": false,
              "context": null,
              "code": "const state = window.testState;\nreturn cy\n  .then(() => state.onStartScenario(scenario, indexedSteps))\n  .then(() =>\n    resolveAndRunBeforeHooks.call(this, scenario.tags, state.feature.name)\n  )\n  .then(() =>\n    indexedSteps.forEach((step) =>\n      stepTest.call(this, state, step, rowData)\n    )\n  )\n  .then(() => state.onFinishScenario(scenario));",
              "err": {
                "message": "CypressError: Timed out after waiting `6000ms` for your remote page to load.\n\nYour page did not fire its `load` event within `6000ms`.\n\nYou can try increasing the `pageLoadTimeout` value in `cypress.json` to wait longer.\n\nBrowsers will not fire the `load` event until all stylesheets and scripts are done downloading.\n\nWhen this `load` event occurs, Cypress will continue running commands.",
                "estack": "CypressError: Timed out after waiting `6000ms` for your remote page to load.\n\nYour page did not fire its `load` event within `6000ms`.\n\nYou can try increasing the `pageLoadTimeout` value in `cypress.json` to wait longer.\n\nBrowsers will not fire the `load` event until all stylesheets and scripts are done downloading.\n\nWhen this `load` event occurs, Cypress will continue running commands.\n    at timedOutWaitingForPageLoad (https://library2.cybertekschool.com/__cypress/runner/cypress_runner.js:162428:74)\n    at https://library2.cybertekschool.com/__cypress/runner/cypress_runner.js:163647:16\n    at tryCatcher (https://library2.cybertekschool.com/__cypress/runner/cypress_runner.js:13022:23)\n    at https://library2.cybertekschool.com/__cypress/runner/cypress_runner.js:8144:41\n    at tryCatcher (https://library2.cybertekschool.com/__cypress/runner/cypress_runner.js:13022:23)\n    at Promise._settlePromiseFromHandler (https://library2.cybertekschool.com/__cypress/runner/cypress_runner.js:10957:31)\n    at Promise._settlePromise (https://library2.cybertekschool.com/__cypress/runner/cypress_runner.js:11014:18)\n    at Promise._settlePromise0 (https://library2.cybertekschool.com/__cypress/runner/cypress_runner.js:11059:10)\n    at Promise._settlePromises (https://library2.cybertekschool.com/__cypress/runner/cypress_runner.js:11135:18)\n    at _drainQueueStep (https://library2.cybertekschool.com/__cypress/runner/cypress_runner.js:7729:12)\n    at _drainQueue (https://library2.cybertekschool.com/__cypress/runner/cypress_runner.js:7722:9)\n    at Async.../../node_modules/bluebird/js/release/async.js.Async._drainQueues (https://library2.cybertekschool.com/__cypress/runner/cypress_runner.js:7738:5)\n    at Async.drainQueues (https://library2.cybertekschool.com/__cypress/runner/cypress_runner.js:7608:14)\nFrom Your Spec Code:\n    at Context.eval (https://library2.cybertekschool.com/__cypress/tests?p=cypress\\integration\\lib.feature:49:6)\n    at Context.resolveAndRunStepDefinition (https://library2.cybertekschool.com/__cypress/tests?p=cypress\\integration\\lib.feature:10623:29)\n    at Context.eval (https://library2.cybertekschool.com/__cypress/tests?p=cypress\\integration\\lib.feature:9944:35)",
                "diff": null
              },
              "uuid": "49d07c31-609f-4375-9bc9-86203627227b",
              "parentUUID": "20bf6dbb-3290-454d-8080-684a14253ba2",
              "isHook": false,
              "skipped": false
            }
          ],
          "suites": [],
          "passes": [],
          "failures": [
            "49d07c31-609f-4375-9bc9-86203627227b"
          ],
          "pending": [],
          "skipped": [
            "b33d9c0d-8824-425c-aaa3-71fcb1067494"
          ],
          "duration": 7835,
          "root": false,
          "rootEmpty": false,
          "_timeout": 2000
        }
      ],
      "passes": [],
      "failures": [],
      "pending": [],
      "skipped": [],
      "duration": 0,
      "root": true,
      "rootEmpty": true,
      "_timeout": 2000
    }
  ],
  "meta": {
    "mocha": {
      "version": "7.0.1"
    },
    "mochawesome": {
      "options": {
        "quiet": false,
        "reportFilename": "report",
        "saveHtml": true,
        "saveJson": true,
        "consoleReporter": "spec",
        "useInlineDiffs": false,
        "code": true
      },
      "version": "7.1.3"
    },
    "marge": {
      "options": {
        "reportDir": "cypress/reports",
        "reportFilename": "report",
        "overwrite": false,
        "html": true,
        "json": true,
        "charts": true
      },
      "version": "6.2.0"
    }
  }
}